{
  "RSpec": {
    "coverage": {
      "/media/rvvergara/Data/Learning/Web Development and Software Engineering/Courses/Microverse/projects/ruby-projects/flight-booker/spec/controllers/bookings_controller_spec.rb": [
        1,
        null,
        0,
        null,
        0,
        0,
        0,
        0,
        0,
        0,
        0,
        null,
        0,
        null,
        null,
        null,
        0,
        null,
        null,
        0,
        0,
        null,
        null,
        0,
        0,
        null,
        null,
        0,
        0,
        null,
        null,
        null,
        0,
        0,
        0,
        0,
        0,
        null,
        0,
        null,
        null,
        null,
        null,
        null,
        null,
        0,
        null,
        0,
        0,
        null,
        null,
        0,
        0,
        null,
        null,
        0,
        0,
        null,
        null,
        0,
        0,
        null,
        null,
        0,
        0,
        null,
        null,
        0,
        0,
        0,
        null,
        null,
        null,
        null,
        0,
        0,
        null,
        0,
        null,
        null,
        null,
        null,
        0,
        null,
        null,
        null,
        0,
        null,
        0,
        0,
        0,
        null,
        null,
        0,
        0,
        null,
        null,
        0,
        null,
        null,
        null,
        0,
        null,
        0,
        0,
        0,
        null,
        null,
        null,
        0,
        0,
        null,
        null,
        0,
        null,
        null,
        null,
        null,
        0,
        0,
        0,
        0,
        0,
        0,
        null,
        null,
        0,
        0,
        null,
        null,
        0,
        0,
        null,
        null,
        0,
        0,
        null,
        null,
        null,
        0,
        0,
        0,
        0,
        0,
        null,
        0,
        null,
        0,
        null,
        null,
        0,
        0,
        0,
        null,
        null,
        null,
        null,
        null,
        null,
        null,
        null,
        null,
        null,
        null,
        null,
        null
      ],
      "/media/rvvergara/Data/Learning/Web Development and Software Engineering/Courses/Microverse/projects/ruby-projects/flight-booker/spec/rails_helper.rb": [
        null,
        1,
        1,
        1,
        null,
        0,
        0,
        null,
        0,
        0,
        null,
        null,
        null,
        null,
        null,
        null,
        null,
        null,
        null,
        null,
        null,
        null,
        null,
        null,
        null,
        null,
        null,
        null,
        0,
        null,
        0,
        0,
        null,
        0,
        null,
        null,
        null,
        null,
        null,
        0,
        null,
        null,
        null,
        null,
        null,
        null,
        null,
        null,
        null,
        null,
        null,
        null,
        null,
        null,
        0,
        null,
        null,
        0,
        null,
        null,
        null
      ],
      "/media/rvvergara/Data/Learning/Web Development and Software Engineering/Courses/Microverse/projects/ruby-projects/flight-booker/config/environment.rb": [
        null,
        1,
        null,
        null,
        1
      ],
      "/media/rvvergara/Data/Learning/Web Development and Software Engineering/Courses/Microverse/projects/ruby-projects/flight-booker/config/application.rb": [
        1,
        null,
        1,
        null,
        1,
        1,
        1,
        1,
        1,
        1,
        1,
        1,
        1,
        null,
        null,
        null,
        null,
        1,
        null,
        1,
        1,
        null,
        1,
        null,
        null,
        null,
        null,
        null,
        null,
        null,
        1,
        null,
        1,
        1,
        null,
        null,
        null,
        null,
        null,
        null,
        1,
        null,
        null,
        null
      ],
      "/media/rvvergara/Data/Learning/Web Development and Software Engineering/Courses/Microverse/projects/ruby-projects/flight-booker/config/boot.rb": [
        1,
        null,
        1,
        1
      ],
      "/media/rvvergara/Data/Learning/Web Development and Software Engineering/Courses/Microverse/projects/ruby-projects/flight-booker/config/environments/test.rb": [
        1,
        null,
        null,
        null,
        null,
        null,
        null,
        1,
        null,
        null,
        null,
        null,
        1,
        null,
        null,
        1,
        1,
        null,
        null,
        null,
        null,
        1,
        1,
        null,
        null,
        1,
        null,
        null,
        1,
        null,
        null,
        1,
        null,
        1,
        null,
        null,
        null,
        null,
        1,
        null,
        null,
        1,
        null,
        null,
        null,
        null
      ],
      "/media/rvvergara/Data/Learning/Web Development and Software Engineering/Courses/Microverse/projects/ruby-projects/flight-booker/config/initializers/application_controller_renderer.rb": [
        null,
        null,
        null,
        null,
        null,
        null,
        null,
        null
      ],
      "/media/rvvergara/Data/Learning/Web Development and Software Engineering/Courses/Microverse/projects/ruby-projects/flight-booker/config/initializers/assets.rb": [
        null,
        null,
        null,
        1,
        null,
        null,
        null,
        null,
        1,
        null,
        null,
        null,
        null,
        null
      ],
      "/media/rvvergara/Data/Learning/Web Development and Software Engineering/Courses/Microverse/projects/ruby-projects/flight-booker/config/initializers/backtrace_silencers.rb": [
        null,
        null,
        null,
        null,
        null,
        null,
        null
      ],
      "/media/rvvergara/Data/Learning/Web Development and Software Engineering/Courses/Microverse/projects/ruby-projects/flight-booker/config/initializers/content_security_policy.rb": [
        null,
        null,
        null,
        null,
        null,
        null,
        null,
        null,
        null,
        null,
        null,
        null,
        null,
        null,
        null,
        null,
        null,
        null,
        null,
        null,
        null,
        null,
        null,
        null,
        null
      ],
      "/media/rvvergara/Data/Learning/Web Development and Software Engineering/Courses/Microverse/projects/ruby-projects/flight-booker/config/initializers/cookies_serializer.rb": [
        null,
        null,
        null,
        null,
        1
      ],
      "/media/rvvergara/Data/Learning/Web Development and Software Engineering/Courses/Microverse/projects/ruby-projects/flight-booker/config/initializers/filter_parameter_logging.rb": [
        null,
        null,
        null,
        1
      ],
      "/media/rvvergara/Data/Learning/Web Development and Software Engineering/Courses/Microverse/projects/ruby-projects/flight-booker/config/initializers/inflections.rb": [
        null,
        null,
        null,
        null,
        null,
        null,
        null,
        null,
        null,
        null,
        null,
        null,
        null,
        null,
        null,
        null
      ],
      "/media/rvvergara/Data/Learning/Web Development and Software Engineering/Courses/Microverse/projects/ruby-projects/flight-booker/config/initializers/mime_types.rb": [
        null,
        null,
        null,
        null
      ],
      "/media/rvvergara/Data/Learning/Web Development and Software Engineering/Courses/Microverse/projects/ruby-projects/flight-booker/config/initializers/wrap_parameters.rb": [
        null,
        null,
        null,
        null,
        null,
        null,
        1,
        0,
        null,
        null,
        null,
        null,
        null,
        null
      ],
      "/media/rvvergara/Data/Learning/Web Development and Software Engineering/Courses/Microverse/projects/ruby-projects/flight-booker/spec/factories/airports.rb": [
        1,
        1,
        1,
        0,
        null,
        null
      ],
      "/media/rvvergara/Data/Learning/Web Development and Software Engineering/Courses/Microverse/projects/ruby-projects/flight-booker/spec/controllers/flights_controller_spec.rb": [
        1,
        null,
        0,
        0,
        null,
        0,
        0,
        0,
        0,
        null,
        null,
        0,
        0,
        0,
        null,
        null,
        0,
        0,
        0,
        null,
        null,
        null,
        0,
        0,
        0,
        0,
        0,
        null,
        0,
        null,
        null,
        null,
        null,
        null,
        null,
        0,
        null,
        null,
        null,
        null,
        null
      ],
      "/media/rvvergara/Data/Learning/Web Development and Software Engineering/Courses/Microverse/projects/ruby-projects/flight-booker/spec/features/flight_search_spec.rb": [
        1,
        null,
        0,
        null,
        0,
        0,
        null,
        null,
        0,
        0,
        null,
        null,
        0,
        0,
        null,
        null,
        0,
        0,
        0,
        0,
        0,
        0,
        null,
        0,
        0,
        0,
        null,
        null,
        null,
        0,
        0,
        0,
        0,
        0,
        0,
        0,
        null,
        null,
        0,
        0,
        0,
        0,
        0,
        null,
        null,
        null,
        0,
        0,
        0,
        null,
        null,
        null
      ],
      "/media/rvvergara/Data/Learning/Web Development and Software Engineering/Courses/Microverse/projects/ruby-projects/flight-booker/spec/helpers/flights_helper_spec.rb": [
        1,
        null,
        null,
        null,
        null,
        null,
        null,
        null,
        null,
        null,
        null,
        null,
        0,
        0,
        null
      ],
      "/media/rvvergara/Data/Learning/Web Development and Software Engineering/Courses/Microverse/projects/ruby-projects/flight-booker/spec/mailers/passenger_mailer_spec.rb": [
        1,
        null,
        0,
        0,
        0,
        null,
        0,
        0,
        0,
        0,
        null,
        null,
        0,
        0,
        null,
        null,
        null,
        null
      ],
      "/media/rvvergara/Data/Learning/Web Development and Software Engineering/Courses/Microverse/projects/ruby-projects/flight-booker/spec/models/airport_spec.rb": [
        1,
        null,
        0,
        null,
        0,
        0,
        0,
        null,
        null,
        null,
        0,
        0,
        0,
        0,
        0,
        0,
        null,
        null,
        0,
        0,
        0,
        0,
        null,
        null,
        0,
        0,
        0,
        0,
        null,
        null,
        0,
        0,
        0,
        0,
        0,
        null,
        null,
        null,
        0,
        0,
        0,
        null,
        null,
        null
      ],
      "/media/rvvergara/Data/Learning/Web Development and Software Engineering/Courses/Microverse/projects/ruby-projects/flight-booker/spec/models/booking_spec.rb": [
        1,
        null,
        0,
        0,
        0,
        0,
        null,
        null,
        null,
        0,
        0,
        null,
        0,
        0,
        null,
        null,
        0,
        0,
        0,
        0,
        null,
        null,
        null,
        null
      ],
      "/media/rvvergara/Data/Learning/Web Development and Software Engineering/Courses/Microverse/projects/ruby-projects/flight-booker/spec/models/flight_spec.rb": [
        1,
        null,
        0,
        null,
        0,
        0,
        0,
        null,
        null,
        null,
        0,
        0,
        0,
        0,
        0,
        0,
        0,
        0,
        null,
        0,
        null,
        null,
        0,
        0,
        0,
        0,
        null,
        null,
        0,
        0,
        0,
        0,
        null,
        null,
        0,
        0,
        0,
        0,
        null,
        null,
        0,
        0,
        0,
        0,
        null,
        null,
        0,
        0,
        0,
        0,
        null,
        null,
        0,
        0,
        0,
        0,
        null,
        null,
        null,
        0,
        0,
        0,
        0,
        null,
        0,
        null,
        0,
        0,
        null,
        null,
        null,
        0,
        0,
        null,
        0,
        null,
        null,
        null,
        0,
        0,
        0,
        null,
        null,
        null,
        0,
        0,
        0,
        null,
        null,
        0,
        0,
        null,
        0,
        null,
        0,
        null,
        null,
        null,
        null,
        0,
        0,
        null,
        0,
        null,
        0,
        null,
        0,
        0,
        null,
        null,
        null
      ],
      "/media/rvvergara/Data/Learning/Web Development and Software Engineering/Courses/Microverse/projects/ruby-projects/flight-booker/spec/models/passenger_spec.rb": [
        1,
        null,
        0,
        null,
        0,
        0,
        0,
        0,
        null,
        null,
        null,
        0,
        0,
        null,
        0,
        0,
        null,
        null,
        0,
        0,
        0,
        0,
        null,
        null,
        0,
        0,
        0,
        0,
        null,
        null,
        null,
        null,
        null
      ]
    },
    "timestamp": 1554463698
  }
}
