{
  "RSpec": {
    "coverage": {
      "/media/rvvergara/Data/Learning/Web Development and Software Engineering/Courses/Microverse/projects/ruby-projects/flight-booker/spec/controllers/bookings_controller_spec.rb": [
        1,
        null,
        1,
        null,
        1,
        1,
        1,
        1,
        1,
        null,
        null,
        null,
        null,
        null,
        null,
        null,
        1,
        1,
        1,
        null,
        null,
        1,
        1,
        1,
        null,
        null,
        1,
        1,
        1,
        null,
        null,
        1,
        1,
        1,
        null,
        null,
        1,
        1,
        null,
        null,
        1,
        1,
        2,
        null,
        null,
        null,
        null,
        1,
        1,
        4,
        null,
        null,
        null,
        null,
        4,
        null,
        null,
        null,
        null,
        1,
        null,
        1,
        1,
        1,
        null,
        null,
        1,
        1,
        null,
        null,
        1,
        null,
        null,
        null,
        1,
        null,
        1,
        1,
        1,
        null,
        null,
        null,
        1,
        1,
        null,
        null,
        1,
        null,
        null,
        null,
        null,
        1,
        1,
        1,
        1,
        1,
        1,
        1,
        null,
        null,
        1,
        1,
        1,
        null,
        null,
        1,
        1,
        1,
        null,
        null,
        null,
        null,
        null,
        null,
        null,
        null,
        null,
        null,
        null,
        null,
        null,
        null,
        null,
        null,
        null,
        null,
        null,
        null,
        null,
        null,
        null,
        null,
        null,
        null,
        null,
        null,
        null,
        null,
        null,
        null,
        null
      ],
      "/media/rvvergara/Data/Learning/Web Development and Software Engineering/Courses/Microverse/projects/ruby-projects/flight-booker/spec/rails_helper.rb": [
        null,
        1,
        1,
        1,
        null,
        1,
        1,
        null,
        1,
        1,
        null,
        null,
        null,
        null,
        null,
        null,
        null,
        null,
        null,
        null,
        null,
        null,
        null,
        null,
        null,
        null,
        null,
        1,
        1,
        null,
        0,
        0,
        null,
        1,
        null,
        null,
        null,
        null,
        null,
        1,
        null,
        null,
        null,
        null,
        null,
        null,
        null,
        null,
        null,
        null,
        null,
        null,
        null,
        null,
        1,
        null,
        null,
        1,
        null,
        null,
        null
      ],
      "/media/rvvergara/Data/Learning/Web Development and Software Engineering/Courses/Microverse/projects/ruby-projects/flight-booker/config/environment.rb": [
        null,
        1,
        null,
        null,
        1
      ],
      "/media/rvvergara/Data/Learning/Web Development and Software Engineering/Courses/Microverse/projects/ruby-projects/flight-booker/config/application.rb": [
        1,
        null,
        1,
        null,
        1,
        1,
        1,
        1,
        1,
        1,
        1,
        1,
        1,
        null,
        null,
        null,
        null,
        1,
        null,
        1,
        1,
        null,
        1,
        null,
        null,
        null,
        null,
        null,
        null,
        null,
        1,
        null,
        1,
        1,
        null,
        null,
        null,
        null,
        null,
        null,
        1,
        null,
        null,
        null
      ],
      "/media/rvvergara/Data/Learning/Web Development and Software Engineering/Courses/Microverse/projects/ruby-projects/flight-booker/config/boot.rb": [
        1,
        null,
        1,
        1
      ],
      "/media/rvvergara/Data/Learning/Web Development and Software Engineering/Courses/Microverse/projects/ruby-projects/flight-booker/config/environments/test.rb": [
        1,
        null,
        null,
        null,
        null,
        null,
        null,
        1,
        null,
        null,
        null,
        null,
        1,
        null,
        null,
        1,
        1,
        null,
        null,
        null,
        null,
        1,
        1,
        null,
        null,
        1,
        null,
        null,
        1,
        null,
        null,
        1,
        null,
        1,
        null,
        null,
        null,
        null,
        1,
        null,
        null,
        1,
        null,
        null,
        null,
        null
      ],
      "/media/rvvergara/Data/Learning/Web Development and Software Engineering/Courses/Microverse/projects/ruby-projects/flight-booker/config/initializers/application_controller_renderer.rb": [
        null,
        null,
        null,
        null,
        null,
        null,
        null,
        null
      ],
      "/media/rvvergara/Data/Learning/Web Development and Software Engineering/Courses/Microverse/projects/ruby-projects/flight-booker/config/initializers/assets.rb": [
        null,
        null,
        null,
        1,
        null,
        null,
        null,
        null,
        1,
        null,
        null,
        null,
        null,
        null
      ],
      "/media/rvvergara/Data/Learning/Web Development and Software Engineering/Courses/Microverse/projects/ruby-projects/flight-booker/config/initializers/backtrace_silencers.rb": [
        null,
        null,
        null,
        null,
        null,
        null,
        null
      ],
      "/media/rvvergara/Data/Learning/Web Development and Software Engineering/Courses/Microverse/projects/ruby-projects/flight-booker/config/initializers/content_security_policy.rb": [
        null,
        null,
        null,
        null,
        null,
        null,
        null,
        null,
        null,
        null,
        null,
        null,
        null,
        null,
        null,
        null,
        null,
        null,
        null,
        null,
        null,
        null,
        null,
        null,
        null
      ],
      "/media/rvvergara/Data/Learning/Web Development and Software Engineering/Courses/Microverse/projects/ruby-projects/flight-booker/config/initializers/cookies_serializer.rb": [
        null,
        null,
        null,
        null,
        1
      ],
      "/media/rvvergara/Data/Learning/Web Development and Software Engineering/Courses/Microverse/projects/ruby-projects/flight-booker/config/initializers/filter_parameter_logging.rb": [
        null,
        null,
        null,
        1
      ],
      "/media/rvvergara/Data/Learning/Web Development and Software Engineering/Courses/Microverse/projects/ruby-projects/flight-booker/config/initializers/inflections.rb": [
        null,
        null,
        null,
        null,
        null,
        null,
        null,
        null,
        null,
        null,
        null,
        null,
        null,
        null,
        null,
        null
      ],
      "/media/rvvergara/Data/Learning/Web Development and Software Engineering/Courses/Microverse/projects/ruby-projects/flight-booker/config/initializers/mime_types.rb": [
        null,
        null,
        null,
        null
      ],
      "/media/rvvergara/Data/Learning/Web Development and Software Engineering/Courses/Microverse/projects/ruby-projects/flight-booker/config/initializers/wrap_parameters.rb": [
        null,
        null,
        null,
        null,
        null,
        null,
        1,
        2,
        null,
        null,
        null,
        null,
        null,
        null
      ],
      "/media/rvvergara/Data/Learning/Web Development and Software Engineering/Courses/Microverse/projects/ruby-projects/flight-booker/spec/factories/airports.rb": [
        1,
        1,
        1,
        3,
        null,
        null
      ],
      "/media/rvvergara/Data/Learning/Web Development and Software Engineering/Courses/Microverse/projects/ruby-projects/flight-booker/spec/factories/bookings.rb": [
        1,
        1,
        10,
        null,
        1,
        8,
        16,
        null,
        null,
        null,
        null,
        null,
        null,
        null
      ],
      "/media/rvvergara/Data/Learning/Web Development and Software Engineering/Courses/Microverse/projects/ruby-projects/flight-booker/spec/factories/flights.rb": [
        1,
        1,
        5,
        5,
        5,
        5,
        1,
        null,
        null
      ],
      "/media/rvvergara/Data/Learning/Web Development and Software Engineering/Courses/Microverse/projects/ruby-projects/flight-booker/spec/factories/passengers.rb": [
        1,
        1,
        1,
        15,
        15,
        null,
        null,
        1,
        1,
        5,
        null,
        null,
        null
      ],
      "/media/rvvergara/Data/Learning/Web Development and Software Engineering/Courses/Microverse/projects/ruby-projects/flight-booker/config/routes.rb": [
        1,
        1,
        1,
        1,
        1,
        1,
        null,
        null
      ],
      "/media/rvvergara/Data/Learning/Web Development and Software Engineering/Courses/Microverse/projects/ruby-projects/flight-booker/app/helpers/application_helper.rb": [
        1,
        null,
        1,
        9,
        null,
        null
      ],
      "/media/rvvergara/Data/Learning/Web Development and Software Engineering/Courses/Microverse/projects/ruby-projects/flight-booker/app/helpers/bookings_helper.rb": [
        1,
        null
      ],
      "/media/rvvergara/Data/Learning/Web Development and Software Engineering/Courses/Microverse/projects/ruby-projects/flight-booker/app/helpers/flights_helper.rb": [
        1,
        1,
        20,
        null,
        null
      ],
      "/media/rvvergara/Data/Learning/Web Development and Software Engineering/Courses/Microverse/projects/ruby-projects/flight-booker/app/controllers/bookings_controller.rb": [
        1,
        1,
        0,
        0,
        0,
        0,
        0,
        null,
        null,
        1,
        5,
        5,
        5,
        6,
        null,
        null,
        1,
        3,
        3,
        null,
        null,
        1,
        0,
        0,
        null,
        0,
        0,
        null,
        0,
        0,
        null,
        null,
        null,
        1,
        4,
        4,
        2,
        null,
        2,
        2,
        null,
        null,
        null,
        1,
        1,
        4,
        null,
        null
      ],
      "/media/rvvergara/Data/Learning/Web Development and Software Engineering/Courses/Microverse/projects/ruby-projects/flight-booker/app/controllers/application_controller.rb": [
        1,
        1,
        null
      ],
      "/media/rvvergara/Data/Learning/Web Development and Software Engineering/Courses/Microverse/projects/ruby-projects/flight-booker/app/models/flight.rb": [
        1,
        15,
        15,
        1,
        1,
        1,
        1,
        1,
        1,
        1,
        1,
        1,
        null,
        1,
        10,
        null,
        null,
        1,
        10,
        null,
        null,
        1,
        126,
        null,
        null,
        1,
        0,
        null,
        null,
        1,
        121,
        null,
        null,
        1,
        127,
        null,
        null,
        1,
        7,
        null,
        null,
        1,
        1,
        0,
        null,
        null
      ],
      "/media/rvvergara/Data/Learning/Web Development and Software Engineering/Courses/Microverse/projects/ruby-projects/flight-booker/app/models/application_record.rb": [
        1,
        1,
        null
      ],
      "/media/rvvergara/Data/Learning/Web Development and Software Engineering/Courses/Microverse/projects/ruby-projects/flight-booker/app/models/airport.rb": [
        1,
        14,
        14,
        1,
        1,
        1,
        1,
        null,
        1,
        52,
        null,
        null
      ],
      "/media/rvvergara/Data/Learning/Web Development and Software Engineering/Courses/Microverse/projects/ruby-projects/flight-booker/app/models/booking.rb": [
        1,
        1,
        1,
        1,
        null,
        1,
        1,
        null
      ],
      "/media/rvvergara/Data/Learning/Web Development and Software Engineering/Courses/Microverse/projects/ruby-projects/flight-booker/app/models/passenger.rb": [
        1,
        1,
        1,
        1,
        null
      ],
      "/media/rvvergara/Data/Learning/Web Development and Software Engineering/Courses/Microverse/projects/ruby-projects/flight-booker/spec/controllers/flights_controller_spec.rb": [
        1,
        null,
        1,
        1,
        null,
        1,
        1,
        1,
        1,
        null,
        null,
        1,
        1,
        4,
        null,
        null,
        1,
        1,
        1,
        null,
        null,
        null,
        1,
        1,
        1,
        1,
        1,
        null,
        1,
        null,
        null,
        null,
        null,
        null,
        null,
        1,
        null,
        null,
        null,
        null,
        null
      ],
      "/media/rvvergara/Data/Learning/Web Development and Software Engineering/Courses/Microverse/projects/ruby-projects/flight-booker/app/controllers/flights_controller.rb": [
        1,
        1,
        12,
        12,
        12,
        12,
        4,
        4,
        4,
        4,
        4,
        4,
        4,
        4,
        null,
        null,
        null,
        null,
        null
      ],
      "/media/rvvergara/Data/Learning/Web Development and Software Engineering/Courses/Microverse/projects/ruby-projects/flight-booker/spec/features/flight_search_spec.rb": [
        1,
        null,
        1,
        null,
        1,
        5,
        null,
        null,
        1,
        1,
        null,
        null,
        1,
        1,
        null,
        null,
        1,
        1,
        1,
        1,
        1,
        1,
        null,
        1,
        1,
        1,
        null,
        null,
        null,
        1,
        1,
        2,
        2,
        2,
        2,
        2,
        null,
        null,
        1,
        1,
        1,
        1,
        1,
        null,
        null,
        null,
        1,
        1,
        1,
        null,
        null,
        null
      ],
      "/media/rvvergara/Data/Learning/Web Development and Software Engineering/Courses/Microverse/projects/ruby-projects/flight-booker/spec/helpers/flights_helper_spec.rb": [
        1,
        null,
        null,
        null,
        null,
        null,
        null,
        null,
        null,
        null,
        null,
        null,
        1,
        1,
        null
      ],
      "/media/rvvergara/Data/Learning/Web Development and Software Engineering/Courses/Microverse/projects/ruby-projects/flight-booker/spec/models/airport_spec.rb": [
        1,
        null,
        1,
        null,
        1,
        1,
        1,
        null,
        null,
        null,
        1,
        1,
        1,
        1,
        1,
        1,
        null,
        null,
        1,
        1,
        1,
        1,
        null,
        null,
        1,
        1,
        1,
        1,
        null,
        null,
        1,
        1,
        1,
        1,
        1,
        null,
        null,
        null,
        1,
        1,
        4,
        null,
        null,
        null
      ],
      "/media/rvvergara/Data/Learning/Web Development and Software Engineering/Courses/Microverse/projects/ruby-projects/flight-booker/spec/models/booking_spec.rb": [
        1,
        null,
        1,
        1,
        1,
        1,
        null,
        null,
        null,
        1,
        1,
        null,
        1,
        1,
        null,
        null,
        1,
        1,
        1,
        1,
        null,
        null,
        null,
        null
      ],
      "/media/rvvergara/Data/Learning/Web Development and Software Engineering/Courses/Microverse/projects/ruby-projects/flight-booker/spec/models/flight_spec.rb": [
        1,
        null,
        1,
        null,
        1,
        1,
        1,
        null,
        null,
        null,
        1,
        1,
        1,
        1,
        1,
        1,
        1,
        1,
        null,
        1,
        null,
        null,
        1,
        1,
        1,
        1,
        null,
        null,
        1,
        1,
        1,
        1,
        null,
        null,
        1,
        1,
        1,
        1,
        null,
        null,
        1,
        1,
        1,
        1,
        null,
        null,
        1,
        1,
        1,
        1,
        null,
        null,
        1,
        1,
        1,
        1,
        null,
        null,
        null,
        1,
        1,
        1,
        1,
        null,
        1,
        null,
        1,
        9,
        null,
        null,
        null,
        1,
        1,
        null,
        10,
        null,
        null,
        null,
        1,
        1,
        10,
        null,
        null,
        null,
        1,
        1,
        1,
        null,
        null,
        1,
        1,
        null,
        1,
        null,
        1,
        null,
        null,
        null,
        null,
        1,
        1,
        null,
        1,
        null,
        1,
        null,
        1,
        1,
        null,
        null,
        null
      ],
      "/media/rvvergara/Data/Learning/Web Development and Software Engineering/Courses/Microverse/projects/ruby-projects/flight-booker/spec/models/passenger_spec.rb": [
        1,
        null,
        1,
        null,
        1,
        1,
        1,
        1,
        null,
        null,
        null,
        1,
        1,
        null,
        1,
        1,
        null,
        null,
        1,
        1,
        1,
        1,
        null,
        null,
        1,
        1,
        1,
        1,
        null,
        null,
        null,
        null,
        null
      ]
    },
    "timestamp": 1545127189
  }
}
